Line 84: Class CRVIEWER9LibCtl.CRViewer9 of control CRViewer91 was not a loaded control class.
Line 90: The property name lastProp in CRViewer91 is invalid.
Line 91: The property name _cx in CRViewer91 is invalid.
Line 92: The property name _cy in CRViewer91 is invalid.
Line 93: The property name DisplayGroupTree in CRViewer91 is invalid.
Line 94: The property name DisplayToolbar in CRViewer91 is invalid.
Line 95: The property name EnableGroupTree in CRViewer91 is invalid.
Line 96: The property name EnableNavigationControls in CRViewer91 is invalid.
Line 97: The property name EnableStopButton in CRViewer91 is invalid.
Line 98: The property name EnablePrintButton in CRViewer91 is invalid.
Line 99: The property name EnableZoomControl in CRViewer91 is invalid.
Line 100: The property name EnableCloseButton in CRViewer91 is invalid.
Line 101: The property name EnableProgressControl in CRViewer91 is invalid.
Line 102: The property name EnableSearchControl in CRViewer91 is invalid.
Line 103: The property name EnableRefreshButton in CRViewer91 is invalid.
Line 104: The property name EnableDrillDown in CRViewer91 is invalid.
Line 105: The property name EnableAnimationControl in CRViewer91 is invalid.
Line 106: The property name EnableSelectExpertButton in CRViewer91 is invalid.
Line 107: The property name EnableToolbar in CRViewer91 is invalid.
Line 108: The property name DisplayBorder in CRViewer91 is invalid.
Line 109: The property name DisplayTabs in CRViewer91 is invalid.
Line 110: The property name DisplayBackgroundEdge in CRViewer91 is invalid.
Line 111: The property name SelectionFormula in CRViewer91 is invalid.
Line 112: The property name EnablePopupMenu in CRViewer91 is invalid.
Line 113: The property name EnableExportButton in CRViewer91 is invalid.
Line 114: The property name EnableSearchExpertButton in CRViewer91 is invalid.
Line 115: The property name EnableHelpButton in CRViewer91 is invalid.
Line 116: The property name LaunchHTTPHyperlinksInNewBrowser in CRViewer91 is invalid.
